<?xml version="1.0" encoding="UTF-8"?>
<testng-results skipped="0" failed="0" ignored="0" total="1" passed="1">
  <reporter-output>
  </reporter-output>
  <suite name="Default suite" duration-ms="40" started-at="2021-10-13T07:14:36Z" finished-at="2021-10-13T07:14:36Z">
    <groups>
    </groups>
    <test name="Default test" duration-ms="40" started-at="2021-10-13T07:14:36Z" finished-at="2021-10-13T07:14:36Z">
      <class name="appTest.AppTestNumberCompare">
        <test-method status="PASS" signature="intCompare()[pri:0, instance:appTest.AppTestNumberCompare@77167fb7]" name="intCompare" duration-ms="12" started-at="2021-10-13T07:14:36Z" finished-at="2021-10-13T07:14:36Z">
          <reporter-output>
          </reporter-output>
        </test-method> <!-- intCompare -->
      </class> <!-- appTest.AppTestNumberCompare -->
    </test> <!-- Default test -->
  </suite> <!-- Default suite -->
</testng-results>
